[2018.02.06 02:58:07] JSONObject[""] not found.
[2018.02.06 02:59:11] Unable to find configuration file: JSONObject[""] not found.
[2018.02.06 03:01:52] Unable to find configuration file (Tab=ui.last.tabs.FileDetailsTab): JSONObject[""] not found.
[2018.02.06 03:02:24] Unable to find configuration file (ui.last.tabs.FileDetailsTab): JSONObject[""] not found.
[2018.02.06 03:19:02] INVALID FILE: 2017_12_01-17_cleaned.json, JSONObject["user"] not found.
[2018.02.06 10:00:14] INVALID FILE: 2017_12_01-17_cleaned.json, JSONObject["user"] not found.
[2018.02.06 10:36:09][OverviewTab] INVALID FILE: 2017_12_01-17_cleaned.json, JSONObject["user"] not found.
[2018.02.06 10:37:03][OverviewTab] INVALID FILE: logs-4010.json, JSONObject["user"] not found.
[2018.02.06 12:47:38][OverviewTab] INVALID FILE: 2017.11_cleaned.json, JSONObject["user"] not found.
[2018.02.06 13:21:24][OverviewTab] INVALID FILE: 2017_12_01-17_cleaned.json, JSONObject["user"] not found.
[2018.02.06 18:52:36][OverviewTab] INVALID FILE: userboxes.json, JSONObject["user"] not found.
[2018.02.06 18:59:31][RoutineTab] Invalid primary markers
[2018.02.06 19:02:41][RoutineTab] Invalid primary markers
[2018.02.06 19:02:51][RoutineTab] Invalid primary markers
[2018.02.06 19:03:08][RoutineTab] Invalid primary markers
[2018.02.06 19:03:10][RoutineTab] Invalid primary markers
[2018.02.06 19:07:15][RoutineTab] Invalid primary markers
[2018.02.06 19:09:58][RoutineTab] Invalid primary markers
[2018.02.06 19:17:03][RoutineTab] Invalid period
[2018.02.06 19:18:23][RoutineTab] Start time and end time are equals
[2018.02.06 19:19:05][RoutineTab] Start time is after end time
[2018.02.06 19:19:20][RoutineTab] Start time and end time are equals
[2018.02.06 19:19:25][RoutineTab] Start time and end time are equals
[2018.02.06 19:19:49][RoutineTab] Invalid primary markers
[2018.02.06 19:19:55][RoutineTab] Invalid primary markers
[2018.02.06 19:23:48][RoutineTab] Start time and end time are equals
[2018.02.06 19:23:50][RoutineTab] Start time and end time are equals
[2018.02.06 19:23:52][RoutineTab] Start time and end time are equals
[2018.02.06 19:24:24][RoutineTab] Start time and end time are equals
[2018.02.06 19:25:35][RoutineTab] Start time and end time are equals
[2018.02.06 19:50:45][RoutineTab] Start time and end time are equals
[2018.02.06 20:12:08][RoutineTab] Start time and end time are equals
[2018.02.06 20:12:16][RoutineTab] Start time and end time are equals
[2018.02.06 20:12:17][RoutineTab] Start time and end time are equals
[2018.02.06 20:12:41][RoutineTab] Start time and end time are equals
[2018.02.06 20:12:47][RoutineTab] Start time and end time are equals
[2018.02.06 20:13:57][RoutineTab] Start time and end time are equals
[2018.02.06 20:14:00][RoutineTab] Start time and end time are equals
[2018.02.06 20:14:04][RoutineTab] Start time and end time are equals
[2018.02.06 20:14:47][RoutineTab] Start time and end time are equals
[2018.02.06 20:14:53][RoutineTab] Start time and end time are equals
[2018.02.06 20:14:55][RoutineTab] Start time and end time are equals
[2018.02.06 20:17:39][RoutineTab] Start time and end time are equals
[2018.02.06 20:17:42][RoutineTab] Start time and end time are equals
[2018.02.06 20:18:33][RoutineTab] Start time and end time are equals
[2018.02.06 20:18:35][RoutineTab] Start time and end time are equals
[2018.02.06 20:19:24][RoutineTab] Start time and end time are equals
[2018.02.06 20:19:26][RoutineTab] Start time and end time are equals
[2018.02.06 20:19:28][RoutineTab] Start time and end time are equals
[2018.02.06 20:19:28][RoutineTab] Start time and end time are equals
[2018.02.06 20:19:29][RoutineTab] Start time and end time are equals
[2018.02.06 20:19:29][RoutineTab] Start time and end time are equals
[2018.02.06 20:19:29][RoutineTab] Start time and end time are equals
[2018.02.06 20:19:30][RoutineTab] Start time and end time are equals
[2018.02.06 20:19:30][RoutineTab] Start time and end time are equals
[2018.02.06 20:19:31][RoutineTab] Start time and end time are equals
[2018.02.06 20:19:31][RoutineTab] Start time and end time are equals
[2018.02.06 20:20:17][RoutineTab] Start time and end time are equals
[2018.02.06 20:20:20][RoutineTab] Start time and end time are equals
[2018.02.06 20:20:21][RoutineTab] Start time and end time are equals
[2018.02.06 20:20:21][RoutineTab] Start time and end time are equals
[2018.02.06 20:20:21][RoutineTab] Start time and end time are equals
[2018.02.06 20:20:21][RoutineTab] Start time and end time are equals
[2018.02.06 20:20:21][RoutineTab] Start time and end time are equals
[2018.02.06 20:20:23][RoutineTab] Start time and end time are equals
[2018.02.06 20:20:24][RoutineTab] Start time and end time are equals
[2018.02.06 20:20:24][RoutineTab] Start time and end time are equals
[2018.02.06 20:20:24][RoutineTab] Start time and end time are equals
[2018.02.06 20:21:07][RoutineTab] Start time and end time are equals
[2018.02.06 20:21:07][RoutineTab] Start time and end time are equals
[2018.02.06 20:21:09][RoutineTab] Start time and end time are equals
[2018.02.06 20:21:11][RoutineTab] Start time and end time are equals
[2018.02.06 20:21:43][RoutineTab] Start time and end time are equals
[2018.02.06 20:21:45][RoutineTab] Start time and end time are equals
[2018.02.06 20:21:46][RoutineTab] Start time and end time are equals
[2018.02.06 20:21:46][RoutineTab] Start time and end time are equals
[2018.02.06 20:21:46][RoutineTab] Start time and end time are equals
[2018.02.06 20:21:46][RoutineTab] Start time and end time are equals
[2018.02.06 20:21:47][RoutineTab] Start time and end time are equals
[2018.02.06 20:21:49][RoutineTab] Start time and end time are equals
[2018.02.06 20:21:49][RoutineTab] Start time and end time are equals
[2018.02.06 20:21:49][RoutineTab] Start time and end time are equals
[2018.02.06 20:21:49][RoutineTab] Start time and end time are equals
[2018.02.06 20:22:17][RoutineTab] Start time and end time are equals
[2018.02.06 20:22:20][RoutineTab] Start time and end time are equals
[2018.02.06 20:22:23][RoutineTab] Start time and end time are equals
[2018.02.06 20:22:26][RoutineTab] Start time and end time are equals
[2018.02.06 20:23:23][RoutineTab] Start time and end time are equals
[2018.02.06 20:23:25][RoutineTab] Start time and end time are equals
[2018.02.06 20:23:27][RoutineTab] Start time and end time are equals
[2018.02.06 20:23:29][RoutineTab] Start time and end time are equals
[2018.02.06 20:23:29][RoutineTab] Start time and end time are equals
[2018.02.06 20:23:29][RoutineTab] Start time and end time are equals
[2018.02.06 20:24:18][RoutineTab] Start time and end time are equals
[2018.02.06 20:24:20][RoutineTab] Start time and end time are equals
[2018.02.06 20:24:22][RoutineTab] Start time and end time are equals
[2018.02.06 20:24:22][RoutineTab] Start time and end time are equals
[2018.02.06 20:24:23][RoutineTab] Start time and end time are equals
[2018.02.06 20:24:23][RoutineTab] Start time and end time are equals
[2018.02.06 20:27:11][RoutineTab] Start time and end time are equals
[2018.02.06 20:27:12][RoutineTab] Start time and end time are equals
[2018.02.06 20:27:12][RoutineTab] Start time and end time are equals
[2018.02.06 20:27:12][RoutineTab] Start time and end time are equals
[2018.02.06 20:27:13][RoutineTab] Start time and end time are equals
[2018.02.06 20:27:15][RoutineTab] Start time and end time are equals
[2018.02.06 20:27:15][RoutineTab] Start time and end time are equals
[2018.02.06 20:27:15][RoutineTab] Start time and end time are equals
[2018.02.06 20:27:17][RoutineTab] Start time and end time are equals
[2018.02.06 20:27:17][RoutineTab] Start time and end time are equals
[2018.02.06 20:27:17][RoutineTab] Start time and end time are equals
[2018.02.06 20:27:51][RoutineTab] Start time and end time are equals
[2018.02.06 20:27:51][RoutineTab] Start time and end time are equals
[2018.02.06 20:27:52][RoutineTab] Start time and end time are equals
[2018.02.06 20:27:52][RoutineTab] Start time and end time are equals
[2018.02.06 20:27:54][RoutineTab] Start time and end time are equals
[2018.02.06 20:27:54][RoutineTab] Start time and end time are equals
[2018.02.06 20:28:23][RoutineTab] Start time and end time are equals
[2018.02.06 20:28:26][RoutineTab] Start time and end time are equals
[2018.02.06 20:28:27][RoutineTab] Start time and end time are equals
[2018.02.06 20:28:31][RoutineTab] Start time and end time are equals
[2018.02.06 20:28:32][RoutineTab] Start time and end time are equals
[2018.02.06 20:28:32][RoutineTab] Start time and end time are equals
[2018.02.06 20:28:32][RoutineTab] Start time and end time are equals
[2018.02.06 20:28:33][RoutineTab] Start time and end time are equals
[2018.02.06 20:28:33][RoutineTab] Start time and end time are equals
[2018.02.06 20:29:10][RoutineTab] Start time and end time are equals
[2018.02.06 20:29:18][RoutineTab] Start time and end time are equals
[2018.02.06 20:29:22][RoutineTab] Start time and end time are equals
[2018.02.06 20:29:28][RoutineTab] Start time and end time are equals
[2018.02.06 20:29:30][RoutineTab] Start time and end time are equals
[2018.02.06 20:30:02][RoutineTab] Start time and end time are equals
[2018.02.06 20:30:09][RoutineTab] Start time and end time are equals
[2018.02.06 20:30:11][RoutineTab] Start time and end time are equals
[2018.02.06 20:30:11][RoutineTab] Start time and end time are equals
[2018.02.06 20:30:12][RoutineTab] Start time and end time are equals
[2018.02.06 20:30:12][RoutineTab] Start time and end time are equals
[2018.02.06 20:30:16][RoutineTab] Start time and end time are equals
[2018.02.06 20:30:16][RoutineTab] Start time and end time are equals
[2018.02.06 20:30:17][RoutineTab] Start time and end time are equals
[2018.02.06 20:30:17][RoutineTab] Start time and end time are equals
[2018.02.06 20:30:17][RoutineTab] Start time and end time are equals
[2018.02.06 20:30:17][RoutineTab] Start time and end time are equals
[2018.02.06 20:30:17][RoutineTab] Start time and end time are equals
[2018.02.06 20:30:17][RoutineTab] Start time and end time are equals
[2018.02.06 20:30:21][RoutineTab] Start time and end time are equals
[2018.02.06 20:30:25][RoutineTab] Start time and end time are equals
[2018.02.06 20:30:28][RoutineTab] Start time and end time are equals
[2018.02.06 20:30:45][RoutineTab] Start time and end time are equals
[2018.02.06 20:30:50][RoutineTab] Start time and end time are equals
[2018.02.06 20:30:51][RoutineTab] Start time and end time are equals
[2018.02.06 20:30:51][RoutineTab] Start time and end time are equals
[2018.02.06 20:32:00][RoutineTab] Start time and end time are equals
[2018.02.06 20:32:05][RoutineTab] Start time and end time are equals
[2018.02.06 20:32:43][RoutineTab] Start time and end time are equals
[2018.02.06 20:32:52][RoutineTab] Start time and end time are equals
[2018.02.06 20:32:58][RoutineTab] Start time and end time are equals
[2018.02.06 20:33:56][RoutineTab] Start time and end time are equals
[2018.02.06 20:33:59][RoutineTab] Start time and end time are equals
[2018.02.06 20:34:09][RoutineTab] Start time and end time are equals
[2018.02.06 20:34:13][RoutineTab] Start time and end time are equals
[2018.02.06 20:38:18][RoutineTab] Start time and end time are equals
[2018.02.06 20:38:22][RoutineTab] Start time and end time are equals
[2018.02.06 20:38:42][RoutineTab] Start time and end time are equals
[2018.02.06 20:38:43][RoutineTab] Start time and end time are equals
[2018.02.06 20:40:08][RoutineTab] Invalid primary markers
[2018.02.06 20:40:14][RoutineTab] Start time and end time are equals
[2018.02.06 20:40:26][RoutineTab] Start time and end time are equals
[2018.02.06 20:40:27][RoutineTab] Start time and end time are equals
[2018.02.06 20:40:32][RoutineTab] Start time and end time are equals
[2018.02.06 20:40:41][RoutineTab] Invalid primary markers
[2018.02.06 20:41:53][RoutineTab] Start time and end time are equals
[2018.02.06 20:42:01][RoutineTab] Start time and end time are equals
[2018.02.06 20:42:02][RoutineTab] Start time and end time are equals
[2018.02.06 20:43:13][RoutineTab] Start time and end time are equals
[2018.02.06 20:43:20][RoutineTab] Start time and end time are equals
[2018.02.06 20:43:29][RoutineTab] Start time and end time are equals
[2018.02.06 20:43:31][RoutineTab] Start time and end time are equals
[2018.02.06 20:44:21][RoutineTab] Start time and end time are equals
[2018.02.06 20:44:24][RoutineTab] Start time and end time are equals
[2018.02.06 20:44:26][RoutineTab] Start time and end time are equals
[2018.02.06 20:44:30][RoutineTab] Start time and end time are equals
[2018.02.06 20:44:31][RoutineTab] Start time and end time are equals
[2018.02.06 20:47:01][RoutineTab] Start time and end time are equals
[2018.02.06 20:47:04][RoutineTab] Start time and end time are equals
[2018.02.06 20:47:09][RoutineTab] Start time and end time are equals
[2018.02.06 20:48:36][RoutineTab] Start time and end time are equals
[2018.02.06 20:48:38][RoutineTab] Start time and end time are equals
[2018.02.06 20:48:45][RoutineTab] Start time and end time are equals
[2018.02.06 20:48:49][RoutineTab] Invalid primary markers
[2018.02.06 20:48:54][RoutineTab] Invalid secondary markers
[2018.02.06 20:49:05][RoutineTab] Start time and end time are equals
[2018.02.06 20:50:22][RoutineTab] Start time and end time are equals
[2018.02.06 20:50:26][RoutineTab] Start time and end time are equals
[2018.02.06 20:50:58][RoutineTab] Start time and end time are equals
[2018.02.06 20:51:01][RoutineTab] Start time and end time are equals
[2018.02.06 20:51:04][RoutineTab] Start time and end time are equals
[2018.02.06 20:51:12][RoutineTab] Start time and end time are equals
[2018.02.06 20:51:21][RoutineTab] Start time and end time are equals
[2018.02.06 20:51:23][RoutineTab] Invalid primary markers
[2018.02.06 20:51:46][RoutineTab] Invalid primary markers
[2018.02.06 20:51:53][RoutineTab] Start time and end time are equals
[2018.02.06 20:52:29][RoutineTab] Start time is after end time
[2018.02.08 16:27:41][RoutineTab] Cannot run program "./wakeup.pl": error=2, No such file or directory
[2018.02.08 16:36:24][RoutineTab] Cannot run program "./wakeup.pl" (in directory "file:/Users/ariche/Documents/workspace/log-analyser/target/classes/scripts"): error=2, No such file or directory
[2018.02.08 16:40:07][RoutineTab] Cannot run program "./wakeup.pl" (in directory "/Users/ariche/Documents/workspace/log-analyser/target/classes/scripts"): error=13, Permission denied
[2018.02.08 16:47:40][RoutineTab] Cannot run program "./wakeup.pl" (in directory "/Users/ariche/Documents/workspace/log-analyser/target/classes/scripts"): error=13, Permission denied
[2018.02.08 16:50:01][RoutineTab] Cannot run program "./wakeup.pl" (in directory "/Users/ariche/Documents/workspace/log-analyser/target/classes/scripts"): error=13, Permission denied
[2018.02.08 17:22:56][OverviewTab] INVALID FILE: 2017.11_cleaned.json, JSONObject["user"] not found.
[2018.02.08 21:01:19][LogFrame] Image not found
