Start application
init parameters
[2018.02.06 02:52:18] Start application
[2018.02.06 02:52:18] init parameters
[2018.02.06 02:56:53] Start application
[2018.02.06 02:56:54] init parameters
[2018.02.06 02:57:59] Start application
[2018.02.06 02:57:59] init parameters
[2018.02.06 02:59:02] Start application
[2018.02.06 02:59:02] init parameters
[2018.02.06 03:01:46] Start application
[2018.02.06 03:01:46] init parameters
[2018.02.06 03:02:18] Start application
[2018.02.06 03:02:18] init parameters
[2018.02.06 03:06:35] Start application
[2018.02.06 03:06:35] init parameters
[2018.02.06 03:08:12] Start application
[2018.02.06 03:08:12] init parameters
[2018.02.06 03:11:43] Start application
[2018.02.06 03:11:43] init parameters
[2018.02.06 03:18:55] Start application
[2018.02.06 03:18:55] init parameters
[2018.02.06 03:23:06] Start application
[2018.02.06 03:23:06] init parameters
[2018.02.06 03:25:30] Start application
[2018.02.06 03:25:30] init parameters
[2018.02.06 09:38:22] Start application
[2018.02.06 09:38:22] init parameters
[2018.02.06 09:43:16] Start application
[2018.02.06 09:43:16] init parameters
[2018.02.06 09:43:39] Start application
[2018.02.06 09:43:39] init parameters
[2018.02.06 09:43:54] Start application
[2018.02.06 09:43:54] init parameters
[2018.02.06 09:44:19] Start application
[2018.02.06 09:44:20] init parameters
[2018.02.06 09:44:39] Start application
[2018.02.06 09:44:39] init parameters
[2018.02.06 09:45:25] Start application
[2018.02.06 09:45:25] init parameters
[2018.02.06 09:45:48] Start application
[2018.02.06 09:45:48] init parameters
[2018.02.06 09:46:22] Start application
[2018.02.06 09:46:22] init parameters
[2018.02.06 09:57:16] Start application
[2018.02.06 09:57:16] init parameters
[2018.02.06 09:57:31] Start application
[2018.02.06 09:57:31] init parameters
[2018.02.06 09:59:24] Start application
[2018.02.06 09:59:24] init parameters
[2018.02.06 10:00:08] Start application
[2018.02.06 10:00:08] init parameters
[2018.02.06 10:05:59][LogHandler2] Start application
[2018.02.06 10:05:59][LogHandler2] init parameters
[2018.02.06 10:08:07][LogHandler2] Start application
[2018.02.06 10:08:08][LogHandler2] init parameters
[2018.02.06 10:08:31][LogHandler2] Start application
[2018.02.06 10:08:31][LogHandler2] init parameters
[2018.02.06 10:08:55][LogHandler2] Start application
[2018.02.06 10:08:55][LogHandler2] init parameters
[2018.02.06 10:34:52][LogHandler2] Start application
[2018.02.06 10:34:52][LogHandler2] init parameters
[2018.02.06 10:36:04][LogHandler2] Start application
[2018.02.06 10:36:04][LogHandler2] init parameters
[2018.02.06 10:36:58][LogHandler2] Start application
[2018.02.06 10:36:58][LogHandler2] init parameters
[2018.02.06 10:37:31][LogHandler2] Start application
[2018.02.06 10:37:31][LogHandler2] init parameters
[2018.02.06 10:38:47][LogHandler2] Start application
[2018.02.06 10:38:47][LogHandler2] init parameters
[2018.02.06 10:39:40][LogHandler2] Start application
[2018.02.06 10:39:40][LogHandler2] init parameters
[2018.02.06 10:40:41][LogHandler2] Start application
[2018.02.06 10:40:41][LogHandler2] init parameters
[2018.02.06 10:42:11][LogHandler2] Start application
[2018.02.06 10:42:11][LogHandler2] init parameters
[2018.02.06 10:43:37][LogHandler2] Start application
[2018.02.06 10:43:37][LogHandler2] init parameters
[2018.02.06 10:44:12][LogHandler2] Start application
[2018.02.06 10:44:13][LogHandler2] init parameters
[2018.02.06 10:44:40][LogHandler2] Start application
[2018.02.06 10:44:40][LogHandler2] init parameters
[2018.02.06 10:45:16][LogHandler2] Start application
[2018.02.06 10:45:16][LogHandler2] init parameters
[2018.02.06 10:47:45][LogHandler2] Start application
[2018.02.06 10:47:45][LogHandler2] init parameters
[2018.02.06 10:48:22][LogHandler2] Start application
[2018.02.06 10:48:22][LogHandler2] init parameters
[2018.02.06 10:49:07][LogHandler2] Start application
[2018.02.06 10:49:08][LogHandler2] init parameters
[2018.02.06 10:56:16][LogHandler2] Start application
[2018.02.06 10:56:16][LogHandler2] init parameters
[2018.02.06 12:24:31][LogHandler2] Start application
[2018.02.06 12:24:31][LogHandler2] init parameters
[2018.02.06 12:25:18][LogHandler2] Start application
[2018.02.06 12:25:18][LogHandler2] init parameters
[2018.02.06 12:40:06][LogHandler2] Start application
[2018.02.06 12:40:06][LogHandler2] init parameters
[2018.02.06 12:41:58][LogHandler2] Start application
[2018.02.06 12:41:58][LogHandler2] init parameters
[2018.02.06 12:46:08][LogHandler2] Start application
[2018.02.06 12:46:09][LogHandler2] init parameters
[2018.02.06 13:08:30][LogHandler2] Start application
[2018.02.06 13:08:30][LogHandler2] init parameters
[2018.02.06 13:09:11][LogHandler2] Start application
[2018.02.06 13:09:11][LogHandler2] init parameters
[2018.02.06 13:13:48][LogHandler2] Start application
[2018.02.06 13:13:48][LogHandler2] init parameters
[2018.02.06 13:15:08][LogHandler2] Start application
[2018.02.06 13:15:09][LogHandler2] init parameters
[2018.02.06 13:16:57][LogHandler2] Start application
[2018.02.06 13:16:57][LogHandler2] init parameters
[2018.02.06 13:18:22][LogHandler2] Start application
[2018.02.06 13:18:22][LogHandler2] init parameters
[2018.02.06 13:18:53][LogHandler2] Start application
[2018.02.06 13:18:54][LogHandler2] init parameters
[2018.02.06 13:19:26][LogHandler2] Start application
[2018.02.06 13:19:27][LogHandler2] init parameters
[2018.02.06 13:19:48][LogHandler2] Start application
[2018.02.06 13:19:48][LogHandler2] init parameters
[2018.02.06 13:21:01][LogHandler2] Start application
[2018.02.06 13:21:01][LogHandler2] init parameters
[2018.02.06 13:26:36][LogHandler2] Start application
[2018.02.06 13:26:36][LogHandler2] init parameters
[2018.02.06 13:53:38][LogHandler2] Start application
[2018.02.06 13:53:38][LogHandler2] init parameters
[2018.02.06 13:55:51][LogHandler2] Start application
[2018.02.06 13:55:51][LogHandler2] init parameters
[2018.02.06 13:58:12][LogHandler2] Start application
[2018.02.06 13:58:12][LogHandler2] init parameters
[2018.02.06 14:03:24][LogHandler2] Start application
[2018.02.06 14:03:24][LogHandler2] init parameters
[2018.02.06 14:19:42][LogHandler2] Start application
[2018.02.06 14:19:42][LogHandler2] init parameters
[2018.02.06 14:43:02][LogHandler2] Start application
[2018.02.06 14:43:02][LogHandler2] init parameters
[2018.02.06 14:43:42][LogHandler2] Start application
[2018.02.06 14:43:43][LogHandler2] init parameters
[2018.02.06 14:46:44][LogHandler2] Start application
[2018.02.06 14:46:44][LogHandler2] init parameters
[2018.02.06 15:01:38][LogHandler2] Start application
[2018.02.06 15:01:38][LogHandler2] init parameters
[2018.02.06 15:02:22][LogHandler2] Start application
[2018.02.06 15:02:22][LogHandler2] init parameters
[2018.02.06 15:04:13][LogHandler2] Start application
[2018.02.06 15:04:13][LogHandler2] init parameters
[2018.02.06 15:07:22][LogHandler2] Start application
[2018.02.06 15:07:22][LogHandler2] init parameters
[2018.02.06 15:08:18][LogHandler2] Start application
[2018.02.06 15:08:19][LogHandler2] init parameters
[2018.02.06 18:41:05][LogHandler2] Start application
[2018.02.06 18:41:05][LogHandler2] init parameters
[2018.02.06 18:41:51][LogHandler2] Start application
[2018.02.06 18:41:51][LogHandler2] init parameters
[2018.02.06 18:57:45][LogHandler2] Start application
[2018.02.06 18:57:45][LogHandler2] init parameters
[2018.02.06 19:01:34][LogHandler2] Start application
[2018.02.06 19:01:34][LogHandler2] init parameters
[2018.02.06 19:06:38][LogHandler2] Start application
[2018.02.06 19:06:38][LogHandler2] init parameters
[2018.02.06 19:09:42][LogHandler2] Start application
[2018.02.06 19:09:42][LogHandler2] init parameters
[2018.02.06 19:16:40][LogHandler2] Start application
[2018.02.06 19:16:40][LogHandler2] init parameters
[2018.02.06 19:17:45][LogHandler2] Start application
[2018.02.06 19:17:45][LogHandler2] init parameters
[2018.02.06 19:17:56][LogHandler2] Start application
[2018.02.06 19:17:56][LogHandler2] init parameters
[2018.02.06 19:36:24][LogHandler2] Start application
[2018.02.06 19:36:24][LogHandler2] init parameters
[2018.02.06 19:37:10][LogHandler2] Start application
[2018.02.06 19:37:10][LogHandler2] init parameters
[2018.02.06 19:38:37][LogHandler2] Start application
[2018.02.06 19:38:37][LogHandler2] init parameters
[2018.02.06 19:48:14][LogHandler2] Start application
[2018.02.06 19:48:14][LogHandler2] init parameters
[2018.02.06 19:49:39][LogHandler2] Start application
[2018.02.06 19:49:39][LogHandler2] init parameters
[2018.02.06 19:52:43][LogHandler2] Start application
[2018.02.06 19:52:43][LogHandler2] init parameters
[2018.02.06 20:11:55][LogHandler2] Start application
[2018.02.06 20:11:55][LogHandler2] init parameters
[2018.02.06 20:13:43][LogHandler2] Start application
[2018.02.06 20:13:43][LogHandler2] init parameters
[2018.02.06 20:14:31][LogHandler2] Start application
[2018.02.06 20:14:31][LogHandler2] init parameters
[2018.02.06 20:17:26][LogHandler2] Start application
[2018.02.06 20:17:26][LogHandler2] init parameters
[2018.02.06 20:18:21][LogHandler2] Start application
[2018.02.06 20:18:21][LogHandler2] init parameters
[2018.02.06 20:19:10][LogHandler2] Start application
[2018.02.06 20:19:10][LogHandler2] init parameters
[2018.02.06 20:20:03][LogHandler2] Start application
[2018.02.06 20:20:03][LogHandler2] init parameters
[2018.02.06 20:20:53][LogHandler2] Start application
[2018.02.06 20:20:53][LogHandler2] init parameters
[2018.02.06 20:21:29][LogHandler2] Start application
[2018.02.06 20:21:29][LogHandler2] init parameters
[2018.02.06 20:22:06][LogHandler2] Start application
[2018.02.06 20:22:06][LogHandler2] init parameters
[2018.02.06 20:23:11][LogHandler2] Start application
[2018.02.06 20:23:11][LogHandler2] init parameters
[2018.02.06 20:24:06][LogHandler2] Start application
[2018.02.06 20:24:06][LogHandler2] init parameters
[2018.02.06 20:25:54][LogHandler2] Start application
[2018.02.06 20:25:54][LogHandler2] init parameters
[2018.02.06 20:26:24][LogHandler2] Start application
[2018.02.06 20:26:24][LogHandler2] init parameters
[2018.02.06 20:26:52][LogHandler2] Start application
[2018.02.06 20:26:53][LogHandler2] init parameters
[2018.02.06 20:27:37][LogHandler2] Start application
[2018.02.06 20:27:38][LogHandler2] init parameters
[2018.02.06 20:28:10][LogHandler2] Start application
[2018.02.06 20:28:10][LogHandler2] init parameters
[2018.02.06 20:28:58][LogHandler2] Start application
[2018.02.06 20:28:59][LogHandler2] init parameters
[2018.02.06 20:29:51][LogHandler2] Start application
[2018.02.06 20:29:51][LogHandler2] init parameters
[2018.02.06 20:32:32][LogHandler2] Start application
[2018.02.06 20:32:32][LogHandler2] init parameters
[2018.02.06 20:33:43][LogHandler2] Start application
[2018.02.06 20:33:43][LogHandler2] init parameters
[2018.02.06 20:38:04][LogHandler2] Start application
[2018.02.06 20:38:04][LogHandler2] init parameters
[2018.02.06 20:39:46][LogHandler2] Start application
[2018.02.06 20:39:46][LogHandler2] init parameters
[2018.02.06 20:41:42][LogHandler2] Start application
[2018.02.06 20:41:42][LogHandler2] init parameters
[2018.02.06 20:42:19][LogHandler2] Start application
[2018.02.06 20:42:19][LogHandler2] init parameters
[2018.02.06 20:44:08][LogHandler2] Start application
[2018.02.06 20:44:08][LogHandler2] init parameters
[2018.02.06 20:45:37][LogHandler2] Start application
[2018.02.06 20:45:37][LogHandler2] init parameters
[2018.02.06 20:46:48][LogHandler2] Start application
[2018.02.06 20:46:48][LogHandler2] init parameters
[2018.02.06 20:50:08][LogHandler2] Start application
[2018.02.06 20:50:08][LogHandler2] init parameters
[2018.02.06 20:50:45][LogHandler2] Start application
[2018.02.06 20:50:45][LogHandler2] init parameters
[2018.02.06 20:55:15][LogHandler2] Start application
[2018.02.06 20:55:15][LogHandler2] init parameters
[2018.02.07 10:20:41][LogHandler2] Start application
[2018.02.07 10:20:41][LogHandler2] init parameters
[2018.02.07 11:29:40][LogHandler2] Start application
[2018.02.07 11:29:40][LogHandler2] init parameters
[2018.02.07 11:33:14][LogHandler2] Start application
[2018.02.07 11:33:14][LogHandler2] init parameters
[2018.02.07 11:33:21][LogHandler2] Start application
[2018.02.07 11:33:21][LogHandler2] init parameters
[2018.02.07 11:33:55][LogHandler2] Start application
[2018.02.07 11:33:55][LogHandler2] init parameters
[2018.02.07 11:58:46][LogHandler2] Start application
[2018.02.07 11:58:46][LogHandler2] init parameters
[2018.02.07 12:22:11][LogHandler2] Start application
[2018.02.07 12:22:11][LogHandler2] init parameters
[2018.02.07 12:31:54][LogHandler2] Start application
[2018.02.07 12:31:54][LogHandler2] init parameters
[2018.02.07 12:56:48][LogHandler2] Start application
[2018.02.07 12:56:48][LogHandler2] init parameters
[2018.02.07 13:44:51][LogHandler2] Start application
[2018.02.07 13:44:51][LogHandler2] init parameters
[2018.02.07 13:49:01][LogHandler2] Start application
[2018.02.07 13:49:01][LogHandler2] init parameters
[2018.02.07 14:02:07][LogHandler2] Start application
[2018.02.07 14:02:07][LogHandler2] init parameters
[2018.02.07 14:02:20][LogHandler2] Start application
[2018.02.07 14:02:20][LogHandler2] init parameters
[2018.02.07 14:25:38][LogHandler2] Start application
[2018.02.07 14:25:38][LogHandler2] init parameters
[2018.02.08 10:22:12][LogHandler2] Start application
[2018.02.08 10:22:12][LogHandler2] init parameters
[2018.02.08 10:23:15][LogHandler2] Start application
[2018.02.08 10:23:15][LogHandler2] init parameters
[2018.02.08 15:01:20][LogHandler2] Start application
[2018.02.08 15:01:20][LogHandler2] init parameters
[2018.02.08 16:01:59][LogHandler2] Start application
[2018.02.08 16:02:00][LogHandler2] init parameters
[2018.02.08 16:21:49][LogHandler2] Start application
[2018.02.08 16:21:49][LogHandler2] init parameters
[2018.02.08 16:27:16][LogHandler2] Start application
[2018.02.08 16:27:16][LogHandler2] init parameters
[2018.02.08 16:34:26][LogHandler2] Start application
[2018.02.08 16:34:26][LogHandler2] init parameters
[2018.02.08 16:35:40][LogHandler2] Start application
[2018.02.08 16:35:40][LogHandler2] init parameters
[2018.02.08 16:39:00][LogHandler2] Start application
[2018.02.08 16:39:00][LogHandler2] init parameters
[2018.02.08 16:47:03][LogHandler2] Start application
[2018.02.08 16:47:04][LogHandler2] init parameters
[2018.02.08 16:49:34][LogHandler2] Start application
[2018.02.08 16:49:34][LogHandler2] init parameters
[2018.02.08 16:50:28][LogHandler2] Start application
[2018.02.08 16:50:28][LogHandler2] init parameters
[2018.02.08 16:51:21][LogHandler2] Start application
[2018.02.08 16:51:21][LogHandler2] init parameters
[2018.02.08 16:52:31][LogHandler2] Start application
[2018.02.08 16:52:32][LogHandler2] init parameters
[2018.02.08 16:54:29][LogHandler2] Start application
[2018.02.08 16:54:29][LogHandler2] init parameters
[2018.02.08 17:05:06][LogHandler2] Start application
[2018.02.08 17:05:06][LogHandler2] init parameters
[2018.02.08 17:09:15][LogHandler2] Start application
[2018.02.08 17:09:15][LogHandler2] init parameters
[2018.02.08 17:14:28][LogHandler2] Start application
[2018.02.08 17:14:28][LogHandler2] init parameters
[2018.02.08 17:19:25][LogHandler2] Start application
[2018.02.08 17:19:25][LogHandler2] init parameters
[2018.02.08 17:21:24][LogHandler2] Start application
[2018.02.08 17:21:24][LogHandler2] init parameters
[2018.02.08 17:22:40][LogHandler2] Start application
[2018.02.08 17:22:40][LogHandler2] init parameters
[2018.02.08 17:24:21][LogHandler2] Start application
[2018.02.08 17:24:21][LogHandler2] init parameters
[2018.02.08 17:26:26][LogHandler2] Start application
[2018.02.08 17:26:27][LogHandler2] init parameters
[2018.02.08 17:26:48][LogHandler2] Start application
[2018.02.08 17:26:49][LogHandler2] init parameters
[2018.02.08 17:27:00][LogHandler2] Start application
[2018.02.08 17:27:00][LogHandler2] init parameters
[2018.02.08 17:27:10][LogHandler2] Start application
[2018.02.08 17:27:10][LogHandler2] init parameters
[2018.02.08 17:27:31][LogHandler2] Start application
[2018.02.08 17:27:31][LogHandler2] init parameters
[2018.02.08 17:31:46][LogHandler2] Start application
[2018.02.08 17:31:46][LogHandler2] init parameters
[2018.02.08 17:33:52][LogHandler2] Start application
[2018.02.08 17:33:52][LogHandler2] init parameters
[2018.02.08 17:34:33][LogHandler2] Start application
[2018.02.08 17:34:33][LogHandler2] init parameters
[2018.02.08 17:38:45][LogHandler2] Start application
[2018.02.08 17:38:45][LogHandler2] init parameters
[2018.02.08 17:39:16][LogHandler2] Start application
[2018.02.08 17:39:16][LogHandler2] init parameters
[2018.02.08 17:43:15][LogHandler2] Start application
[2018.02.08 17:43:15][LogHandler2] init parameters
[2018.02.08 20:51:12][LogHandler2] Start application
[2018.02.08 20:51:12][LogHandler2] init parameters
[2018.02.08 20:52:51][LogHandler2] Start application
[2018.02.08 20:52:51][LogHandler2] init parameters
[2018.02.08 20:53:35][LogHandler2] Start application
[2018.02.08 20:53:35][LogHandler2] init parameters
[2018.02.08 20:54:45][LogHandler2] Start application
[2018.02.08 20:55:07][LogHandler2] Start application
[2018.02.08 20:55:08][LogHandler2] init parameters
[2018.02.08 20:56:12][LogHandler2] Start application
[2018.02.08 20:56:13][LogHandler2] init parameters
[2018.02.08 20:57:32][LogHandler2] Start application
[2018.02.08 20:57:32][LogHandler2] init parameters
[2018.02.08 20:59:04][LogHandler2] Start application
[2018.02.08 20:59:49][LogHandler2] Start application
[2018.02.08 21:00:12][LogHandler2] Start application
[2018.02.08 21:00:12][LogHandler2] init parameters
[2018.02.08 21:00:46][LogHandler2] Start application
[2018.02.08 21:00:46][LogHandler2] init parameters
[2018.02.08 21:01:19][LogHandler2] Start application
[2018.02.08 21:01:19][LogHandler2] init parameters
[2018.02.08 21:01:54][LogHandler2] Start application
[2018.02.08 21:01:54][LogHandler2] init parameters
[2018.02.08 21:16:37][LogHandler2] Start application
[2018.02.08 21:16:38][LogHandler2] init parameters
[2018.02.08 21:18:33][LogHandler2] Start application
[2018.02.08 21:18:33][LogHandler2] init parameters
[2018.02.08 21:20:06][LogHandler2] Start application
[2018.02.08 21:20:06][LogHandler2] init parameters
[2018.02.08 21:21:20][LogHandler2] Start application
[2018.02.08 21:21:20][LogHandler2] init parameters
[2018.02.08 21:31:24][LogHandler2] Start application
[2018.02.08 21:31:24][LogHandler2] init parameters
[2018.02.08 21:35:52][LogHandler2] Start application
[2018.02.08 21:35:53][LogHandler2] init parameters
[2018.02.08 21:39:38][LogHandler2] Start application
[2018.02.08 21:39:38][LogHandler2] init parameters
[2018.02.08 21:41:46][LogHandler2] Start application
[2018.02.08 21:41:46][LogHandler2] init parameters
